Build started 10/31/2015 20:44:05.
     1>Project "E:\Dropbox\Rochester Institute of Technology\Classes\Data Structures and Algorithms and Simulation II\A10 - Bounding Object Manager\Source\A10.vcxproj" on node 2 (Build target(s)).
     1>ClCompile:
         E:\Program Files (x86)\Microsoft Visual Studio 13.0\VC\bin\CL.exe /c /Zi /nologo /W3 /WX- /Od /Oy- /D DEBUG /D _MBCS /D _UNICODE /D UNICODE /Gm /EHsc /RTC1 /MDd /GS /fp:precise /Zc:wchar_t /Zc:forScope /Fo"E:\Dropbox\Rochester Institute of Technology\Classes\Data Structures and Algorithms and Simulation II\A10 - Bounding Object Manager\Z_DELETE\E13_BoundingBoxClass\Debug\\" /Fd"E:\Dropbox\Rochester Institute of Technology\Classes\Data Structures and Algorithms and Simulation II\A10 - Bounding Object Manager\Z_DELETE\E13_BoundingBoxClass\Debug\vc120.pdb" /Gd /TP /wd4251 /analyze- /errorReport:prompt /D _CRT_SECURE_NO_WARNINGS AppClass.cpp AppClassControls.cpp Main.cpp MyBoundingSphereClass.cpp
         MyBoundingSphereClass.cpp
         Generating Code...
         Compiling...
         AppClass.cpp
         Generating Code...
         Skipping... (no relevant changes detected)
         Main.cpp
         AppClassControls.cpp
       Link:
         E:\Program Files (x86)\Microsoft Visual Studio 13.0\VC\bin\link.exe /ERRORREPORT:PROMPT /OUT:"E:\Dropbox\Rochester Institute of Technology\Classes\Data Structures and Algorithms and Simulation II\A10 - Bounding Object Manager\Z_DELETE\E13_BoundingBoxClassD.exe" /INCREMENTAL /NOLOGO glew32.lib opengl32.lib glu32.lib ReEng_d.lib "sfml-system.lib" "sfml-window.lib" kernel32.lib user32.lib gdi32.lib winspool.lib comdlg32.lib advapi32.lib shell32.lib ole32.lib oleaut32.lib uuid.lib odbc32.lib odbccp32.lib /MANIFEST /MANIFESTUAC:"level='asInvoker' uiAccess='false'" /manifest:embed /DEBUG /PDB:"E:\Dropbox\Rochester Institute of Technology\Classes\Data Structures and Algorithms and Simulation II\A10 - Bounding Object Manager\Z_DELETE\E13_BoundingBoxClassD.pdb" /TLBID:1 /DYNAMICBASE /NXCOMPAT /IMPLIB:"E:\Dropbox\Rochester Institute of Technology\Classes\Data Structures and Algorithms and Simulation II\A10 - Bounding Object Manager\Z_DELETE\E13_BoundingBoxClassD.lib" /MACHINE:X86 /PROFILE "E:\Dropbox\Rochester Institute of Technology\Classes\Data Structures and Algorithms and Simulation II\A10 - Bounding Object Manager\Z_DELETE\E13_BoundingBoxClass\Debug\BTO.res"
         "E:\Dropbox\Rochester Institute of Technology\Classes\Data Structures and Algorithms and Simulation II\A10 - Bounding Object Manager\Z_DELETE\E13_BoundingBoxClass\Debug\AppClass.obj"
         "E:\Dropbox\Rochester Institute of Technology\Classes\Data Structures and Algorithms and Simulation II\A10 - Bounding Object Manager\Z_DELETE\E13_BoundingBoxClass\Debug\AppClassControls.obj"
         "E:\Dropbox\Rochester Institute of Technology\Classes\Data Structures and Algorithms and Simulation II\A10 - Bounding Object Manager\Z_DELETE\E13_BoundingBoxClass\Debug\MyBoundingBoxClass.obj"
         "E:\Dropbox\Rochester Institute of Technology\Classes\Data Structures and Algorithms and Simulation II\A10 - Bounding Object Manager\Z_DELETE\E13_BoundingBoxClass\Debug\Main.obj"
         "E:\Dropbox\Rochester Institute of Technology\Classes\Data Structures and Algorithms and Simulation II\A10 - Bounding Object Manager\Z_DELETE\E13_BoundingBoxClass\Debug\MyBoundingObjectClass.obj"
         "E:\Dropbox\Rochester Institute of Technology\Classes\Data Structures and Algorithms and Simulation II\A10 - Bounding Object Manager\Z_DELETE\E13_BoundingBoxClass\Debug\MyBoundingSphereClass.obj"
     1>LINK : warning LNK4075: ignoring '/INCREMENTAL' due to '/PROFILE' specification
         A10.vcxproj -> E:\Dropbox\Rochester Institute of Technology\Classes\Data Structures and Algorithms and Simulation II\A10 - Bounding Object Manager\Z_DELETE\E13_BoundingBoxClassD.exe
       PostBuildEvent:
         mkdir “E:\Dropbox\Rochester Institute of Technology\Classes\Data Structures and Algorithms and Simulation II\A10 - Bounding Object Manager\_Binary\”
         copy “E:\Dropbox\Rochester Institute of Technology\Classes\Data Structures and Algorithms and Simulation II\A10 - Bounding Object Manager\Z_DELETE\E13_BoundingBoxClassD.exe” “E:\Dropbox\Rochester Institute of Technology\Classes\Data Structures and Algorithms and Simulation II\A10 - Bounding Object Manager\_Binary”
         xcopy "E:\Dropbox\Rochester Institute of Technology\Classes\Data Structures and Algorithms and Simulation II\A10 - Bounding Object Manager\include\GL\bin" "E:\Dropbox\Rochester Institute of Technology\Classes\Data Structures and Algorithms and Simulation II\A10 - Bounding Object Manager\_Binary" /y
         xcopy "E:\Dropbox\Rochester Institute of Technology\Classes\Data Structures and Algorithms and Simulation II\A10 - Bounding Object Manager\include\RE\bin" "E:\Dropbox\Rochester Institute of Technology\Classes\Data Structures and Algorithms and Simulation II\A10 - Bounding Object Manager\_Binary" /y
         xcopy "E:\Dropbox\Rochester Institute of Technology\Classes\Data Structures and Algorithms and Simulation II\A10 - Bounding Object Manager\include\SFML\bin\sfml-system-2.dll" "E:\Dropbox\Rochester Institute of Technology\Classes\Data Structures and Algorithms and Simulation II\A10 - Bounding Object Manager\_Binary" /y
         xcopy "E:\Dropbox\Rochester Institute of Technology\Classes\Data Structures and Algorithms and Simulation II\A10 - Bounding Object Manager\include\SFML\bin\sfml-window-2.dll" "E:\Dropbox\Rochester Institute of Technology\Classes\Data Structures and Algorithms and Simulation II\A10 - Bounding Object Manager\_Binary" /y
         mkdir “E:\Dropbox\Rochester Institute of Technology\Classes\Data Structures and Algorithms and Simulation II\A10 - Bounding Object Manager\_Binary\Shaders\”
         xcopy "E:\Dropbox\Rochester Institute of Technology\Classes\Data Structures and Algorithms and Simulation II\A10 - Bounding Object Manager\_Binary\Shaders" "E:\Dropbox\Rochester Institute of Technology\Classes\Data Structures and Algorithms and Simulation II\A10 - Bounding Object Manager\include\RE\Shaders" /y
         :VCEnd
         A subdirectory or file E:\Dropbox\Rochester Institute of Technology\Classes\Data Structures and Algorithms and Simulation II\A10 - Bounding Object Manager\_Binary\ already exists.
                 1 file(s) copied.
         E:\Dropbox\Rochester Institute of Technology\Classes\Data Structures and Algorithms and Simulation II\A10 - Bounding Object Manager\include\GL\bin\glew32.dll
         E:\Dropbox\Rochester Institute of Technology\Classes\Data Structures and Algorithms and Simulation II\A10 - Bounding Object Manager\include\GL\bin\glut32.dll
         2 File(s) copied
         E:\Dropbox\Rochester Institute of Technology\Classes\Data Structures and Algorithms and Simulation II\A10 - Bounding Object Manager\include\RE\bin\ReEng.dll
         E:\Dropbox\Rochester Institute of Technology\Classes\Data Structures and Algorithms and Simulation II\A10 - Bounding Object Manager\include\RE\bin\ReEng_d.dll
         2 File(s) copied
         E:\Dropbox\Rochester Institute of Technology\Classes\Data Structures and Algorithms and Simulation II\A10 - Bounding Object Manager\include\SFML\bin\sfml-system-2.dll
         1 File(s) copied
         E:\Dropbox\Rochester Institute of Technology\Classes\Data Structures and Algorithms and Simulation II\A10 - Bounding Object Manager\include\SFML\bin\sfml-window-2.dll
         1 File(s) copied
         A subdirectory or file E:\Dropbox\Rochester Institute of Technology\Classes\Data Structures and Algorithms and Simulation II\A10 - Bounding Object Manager\_Binary\Shaders\ already exists.
         E:\Dropbox\Rochester Institute of Technology\Classes\Data Structures and Algorithms and Simulation II\A10 - Bounding Object Manager\_Binary\Shaders\Basic.fs
         E:\Dropbox\Rochester Institute of Technology\Classes\Data Structures and Algorithms and Simulation II\A10 - Bounding Object Manager\_Binary\Shaders\Basic.vs
         E:\Dropbox\Rochester Institute of Technology\Classes\Data Structures and Algorithms and Simulation II\A10 - Bounding Object Manager\_Binary\Shaders\BasicColor.fs
         E:\Dropbox\Rochester Institute of Technology\Classes\Data Structures and Algorithms and Simulation II\A10 - Bounding Object Manager\_Binary\Shaders\BasicColor.vs
         E:\Dropbox\Rochester Institute of Technology\Classes\Data Structures and Algorithms and Simulation II\A10 - Bounding Object Manager\_Binary\Shaders\Color.fs
         E:\Dropbox\Rochester Institute of Technology\Classes\Data Structures and Algorithms and Simulation II\A10 - Bounding Object Manager\_Binary\Shaders\Color.vs
         E:\Dropbox\Rochester Institute of Technology\Classes\Data Structures and Algorithms and Simulation II\A10 - Bounding Object Manager\_Binary\Shaders\MEShader.fs
         E:\Dropbox\Rochester Institute of Technology\Classes\Data Structures and Algorithms and Simulation II\A10 - Bounding Object Manager\_Binary\Shaders\MEShader.vs
         E:\Dropbox\Rochester Institute of Technology\Classes\Data Structures and Algorithms and Simulation II\A10 - Bounding Object Manager\_Binary\Shaders\MEShaderInv.fs
         E:\Dropbox\Rochester Institute of Technology\Classes\Data Structures and Algorithms and Simulation II\A10 - Bounding Object Manager\_Binary\Shaders\MEShaderMC.fs
         E:\Dropbox\Rochester Institute of Technology\Classes\Data Structures and Algorithms and Simulation II\A10 - Bounding Object Manager\_Binary\Shaders\TextShader.fs
         E:\Dropbox\Rochester Institute of Technology\Classes\Data Structures and Algorithms and Simulation II\A10 - Bounding Object Manager\_Binary\Shaders\TextShader.vs
         12 File(s) copied
     1>Done Building Project "E:\Dropbox\Rochester Institute of Technology\Classes\Data Structures and Algorithms and Simulation II\A10 - Bounding Object Manager\Source\A10.vcxproj" (Build target(s)).

Build succeeded.

Time Elapsed 00:00:03.00
