e:\dropbox\rochester institute of technology\classes\data structures and algorithms and simulation ii\a10 - bounding object manager\z_delete\e13_boundingboxclass\debug\vc120.pdb
e:\dropbox\rochester institute of technology\classes\data structures and algorithms and simulation ii\a10 - bounding object manager\z_delete\e13_boundingboxclass\debug\vc120.idb
e:\dropbox\rochester institute of technology\classes\data structures and algorithms and simulation ii\a10 - bounding object manager\z_delete\e13_boundingboxclass\debug\appclass.obj
e:\dropbox\rochester institute of technology\classes\data structures and algorithms and simulation ii\a10 - bounding object manager\z_delete\e13_boundingboxclass\debug\appclasscontrols.obj
e:\dropbox\rochester institute of technology\classes\data structures and algorithms and simulation ii\a10 - bounding object manager\z_delete\e13_boundingboxclass\debug\myboundingboxclass.obj
e:\dropbox\rochester institute of technology\classes\data structures and algorithms and simulation ii\a10 - bounding object manager\z_delete\e13_boundingboxclass\debug\main.obj
e:\dropbox\rochester institute of technology\classes\data structures and algorithms and simulation ii\a10 - bounding object manager\z_delete\e13_boundingboxclass\debug\myboundingobjectclass.obj
e:\dropbox\rochester institute of technology\classes\data structures and algorithms and simulation ii\a10 - bounding object manager\z_delete\e13_boundingboxclass\debug\myboundingsphereclass.obj
e:\dropbox\rochester institute of technology\classes\data structures and algorithms and simulation ii\a10 - bounding object manager\z_delete\e13_boundingboxclassd.exe
e:\dropbox\rochester institute of technology\classes\data structures and algorithms and simulation ii\a10 - bounding object manager\z_delete\e13_boundingboxclassd.pdb
e:\dropbox\rochester institute of technology\classes\data structures and algorithms and simulation ii\a10 - bounding object manager\z_delete\e13_boundingboxclass\debug\bto.res
e:\dropbox\rochester institute of technology\classes\data structures and algorithms and simulation ii\a10 - bounding object manager\z_delete\e13_boundingboxclass\debug\e13_boun.3967fcb2.tlog\cl.command.1.tlog
e:\dropbox\rochester institute of technology\classes\data structures and algorithms and simulation ii\a10 - bounding object manager\z_delete\e13_boundingboxclass\debug\e13_boun.3967fcb2.tlog\cl.read.1.tlog
e:\dropbox\rochester institute of technology\classes\data structures and algorithms and simulation ii\a10 - bounding object manager\z_delete\e13_boundingboxclass\debug\e13_boun.3967fcb2.tlog\cl.write.1.tlog
e:\dropbox\rochester institute of technology\classes\data structures and algorithms and simulation ii\a10 - bounding object manager\z_delete\e13_boundingboxclass\debug\e13_boun.3967fcb2.tlog\link.command.1.tlog
e:\dropbox\rochester institute of technology\classes\data structures and algorithms and simulation ii\a10 - bounding object manager\z_delete\e13_boundingboxclass\debug\e13_boun.3967fcb2.tlog\link.read.1.tlog
e:\dropbox\rochester institute of technology\classes\data structures and algorithms and simulation ii\a10 - bounding object manager\z_delete\e13_boundingboxclass\debug\e13_boun.3967fcb2.tlog\link.write.1.tlog
e:\dropbox\rochester institute of technology\classes\data structures and algorithms and simulation ii\a10 - bounding object manager\z_delete\e13_boundingboxclass\debug\e13_boun.3967fcb2.tlog\rc.command.1.tlog
e:\dropbox\rochester institute of technology\classes\data structures and algorithms and simulation ii\a10 - bounding object manager\z_delete\e13_boundingboxclass\debug\e13_boun.3967fcb2.tlog\rc.read.1.tlog
e:\dropbox\rochester institute of technology\classes\data structures and algorithms and simulation ii\a10 - bounding object manager\z_delete\e13_boundingboxclass\debug\e13_boun.3967fcb2.tlog\rc.write.1.tlog
